<?xml version="1.0" encoding="UTF-8"?>
<testng-results skipped="0" failed="0" ignored="0" total="2" passed="2">
  <reporter-output>
  </reporter-output>
  <suite name="Default suite" duration-ms="61550" started-at="2021-02-11T23:11:49 IST" finished-at="2021-02-11T23:12:51 IST">
    <groups>
    </groups>
    <test name="Default test" duration-ms="61550" started-at="2021-02-11T23:11:49 IST" finished-at="2021-02-11T23:12:51 IST">
      <class name="com.qa.Tesycases.HomepageTest">
        <test-method status="PASS" signature="setup()[pri:0, instance:com.qa.Tesycases.HomepageTest@67205a84]" name="setup" is-config="true" duration-ms="27156" started-at="2021-02-11T23:11:49 IST" finished-at="2021-02-11T23:12:16 IST">
          <reporter-output>
          </reporter-output>
        </test-method> <!-- setup -->
        <test-method status="PASS" signature="verifyhomepagetitleTest()[pri:1, instance:com.qa.Tesycases.HomepageTest@67205a84]" name="verifyhomepagetitleTest" duration-ms="30" started-at="2021-02-11T23:12:16 IST" finished-at="2021-02-11T23:12:16 IST">
          <reporter-output>
          </reporter-output>
        </test-method> <!-- verifyhomepagetitleTest -->
        <test-method status="PASS" signature="tearDown()[pri:0, instance:com.qa.Tesycases.HomepageTest@67205a84]" name="tearDown" is-config="true" duration-ms="1134" started-at="2021-02-11T23:12:16 IST" finished-at="2021-02-11T23:12:17 IST">
          <reporter-output>
          </reporter-output>
        </test-method> <!-- tearDown -->
        <test-method status="PASS" signature="setup()[pri:0, instance:com.qa.Tesycases.HomepageTest@67205a84]" name="setup" is-config="true" duration-ms="25625" started-at="2021-02-11T23:12:17 IST" finished-at="2021-02-11T23:12:43 IST">
          <reporter-output>
          </reporter-output>
        </test-method> <!-- setup -->
        <test-method status="PASS" signature="verifcontactslink()[pri:2, instance:com.qa.Tesycases.HomepageTest@67205a84]" name="verifcontactslink" duration-ms="6191" started-at="2021-02-11T23:12:43 IST" finished-at="2021-02-11T23:12:49 IST">
          <reporter-output>
          </reporter-output>
        </test-method> <!-- verifcontactslink -->
        <test-method status="PASS" signature="tearDown()[pri:0, instance:com.qa.Tesycases.HomepageTest@67205a84]" name="tearDown" is-config="true" duration-ms="1357" started-at="2021-02-11T23:12:49 IST" finished-at="2021-02-11T23:12:51 IST">
          <reporter-output>
          </reporter-output>
        </test-method> <!-- tearDown -->
      </class> <!-- com.qa.Tesycases.HomepageTest -->
    </test> <!-- Default test -->
  </suite> <!-- Default suite -->
</testng-results>
